<?xml version="1.0" encoding="UTF-8"?>
<!-- Generated by org.testng.reporters.JUnitReportReporter -->
<testsuite skipped="0" hostname="Shree" name="org.Task_Api.Task" tests="5" failures="0" timestamp="2022-12-01T13:26:34 IST" time="15.626" errors="0">
  <testcase name="TC_GetRestFullBooker" time="9.071" classname="org.Task_Api.Task"/>
  <system-out/>
  <testcase name="TC_PostRestFullBooker" time="1.778" classname="org.Task_Api.Task"/>
  <system-out/>
  <testcase name="TC_verifyGetRestFullBooker" time="1.645" classname="org.Task_Api.Task"/>
  <system-out/>
  <testcase name="TC_updateRestFullBooker" time="1.616" classname="org.Task_Api.Task"/>
  <system-out/>
  <testcase name="TC_deleteRestFullBooker" time="1.516" classname="org.Task_Api.Task"/>
  <system-out/>
</testsuite> <!-- org.Task_Api.Task -->
